c:\programing\dv\2º\tpv\proyectossdl\tpv-p2\p3\tpv2\tpv2\debug\vc142.pdb
c:\programing\dv\2º\tpv\proyectossdl\tpv-p2\p3\tpv2\tpv2\debug\vc142.idb
c:\programing\dv\2º\tpv\proyectossdl\tpv-p2\p3\tpv2\tpv2\debug\offacotry.obj
c:\programing\dv\2º\tpv\proyectossdl\tpv-p2\p3\tpv2\tpv2\debug\objectpool.obj
c:\programing\dv\2º\tpv\proyectossdl\tpv-p2\p3\tpv2\tpv2\debug\objectfactory.obj
c:\programing\dv\2º\tpv\proyectossdl\tpv-p2\p3\tpv2\tpv2\debug\networkingsystem.obj
c:\programing\dv\2º\tpv\proyectossdl\tpv-p2\p3\tpv2\tpv2\debug\networking.obj
c:\programing\dv\2º\tpv\proyectossdl\tpv-p2\p3\tpv2\tpv2\debug\manager.obj
c:\programing\dv\2º\tpv\proyectossdl\tpv-p2\p3\tpv2\tpv2\debug\main.obj
c:\programing\dv\2º\tpv\proyectossdl\tpv-p2\p3\tpv2\tpv2\debug\jute.obj
c:\programing\dv\2º\tpv\proyectossdl\tpv-p2\p3\tpv2\tpv2\debug\inputhandler.obj
c:\programing\dv\2º\tpv\proyectossdl\tpv-p2\p3\tpv2\tpv2\debug\gamectrlsystem.obj
c:\programing\dv\2º\tpv\proyectossdl\tpv-p2\p3\tpv2\tpv2\debug\fontsmanager.obj
c:\programing\dv\2º\tpv\proyectossdl\tpv-p2\p3\tpv2\tpv2\debug\font.obj
c:\programing\dv\2º\tpv\proyectossdl\tpv-p2\p3\tpv2\tpv2\debug\fighterssystem.obj
c:\programing\dv\2º\tpv\proyectossdl\tpv-p2\p3\tpv2\tpv2\debug\entity.obj
c:\programing\dv\2º\tpv\proyectossdl\tpv-p2\p3\tpv2\tpv2\debug\deffactory.obj
c:\programing\dv\2º\tpv\proyectossdl\tpv-p2\p3\tpv2\tpv2\debug\collisionsystem.obj
c:\programing\dv\2º\tpv\proyectossdl\tpv-p2\p3\tpv2\tpv2\debug\collisions.obj
c:\programing\dv\2º\tpv\proyectossdl\tpv-p2\p3\tpv2\tpv2\debug\bulletssystem.obj
c:\programing\dv\2º\tpv\proyectossdl\tpv-p2\p3\tpv2\tpv2\debug\bulletspool.obj
c:\programing\dv\2º\tpv\proyectossdl\tpv-p2\p3\tpv2\tpv2\debug\audiomanager.obj
c:\programing\dv\2º\tpv\proyectossdl\tpv-p2\p3\tpv2\tpv2\debug\vector2d.obj
c:\programing\dv\2º\tpv\proyectossdl\tpv-p2\p3\tpv2\tpv2\debug\transform.obj
c:\programing\dv\2º\tpv\proyectossdl\tpv-p2\p3\tpv2\tpv2\debug\texturesmanager.obj
c:\programing\dv\2º\tpv\proyectossdl\tpv-p2\p3\tpv2\tpv2\debug\texture.obj
c:\programing\dv\2º\tpv\proyectossdl\tpv-p2\p3\tpv2\tpv2\debug\system.obj
c:\programing\dv\2º\tpv\proyectossdl\tpv-p2\p3\tpv2\tpv2\debug\starwars.obj
c:\programing\dv\2º\tpv\proyectossdl\tpv-p2\p3\tpv2\tpv2\debug\srandbasedgenerator.obj
c:\programing\dv\2º\tpv\proyectossdl\tpv-p2\p3\tpv2\tpv2\debug\singleton.obj
c:\programing\dv\2º\tpv\proyectossdl\tpv-p2\p3\tpv2\tpv2\debug\sdl_macros.obj
c:\programing\dv\2º\tpv\proyectossdl\tpv-p2\p3\tpv2\tpv2\debug\sdltexturesmanager.obj
c:\programing\dv\2º\tpv\proyectossdl\tpv-p2\p3\tpv2\tpv2\debug\sdlgame.obj
c:\programing\dv\2º\tpv\proyectossdl\tpv-p2\p3\tpv2\tpv2\debug\sdlfontsmanager.obj
c:\programing\dv\2º\tpv\proyectossdl\tpv-p2\p3\tpv2\tpv2\debug\sdlaudiomanager.obj
c:\programing\dv\2º\tpv\proyectossdl\tpv-p2\p3\tpv2\tpv2\debug\resources.obj
c:\programing\dv\2º\tpv\proyectossdl\tpv-p2\p3\tpv2\tpv2\debug\rendersystem.obj
c:\programing\dv\2º\tpv\proyectossdl\tpv-p2\p3\tpv2\tpv2\debug\randomnumbergenerator.obj
c:\programing\dv\2º\tpv\proyectossdl\tpv-p2\p3\tpv2\tpv2\debug\tpv2.tlog\cl.command.1.tlog
c:\programing\dv\2º\tpv\proyectossdl\tpv-p2\p3\tpv2\tpv2\debug\tpv2.tlog\cl.read.1.tlog
c:\programing\dv\2º\tpv\proyectossdl\tpv-p2\p3\tpv2\tpv2\debug\tpv2.tlog\cl.write.1.tlog
c:\programing\dv\2º\tpv\proyectossdl\tpv-p2\p3\tpv2\tpv2\debug\tpv2.tlog\link.command.1.tlog
c:\programing\dv\2º\tpv\proyectossdl\tpv-p2\p3\tpv2\tpv2\debug\tpv2.tlog\link.read.1.tlog
c:\programing\dv\2º\tpv\proyectossdl\tpv-p2\p3\tpv2\tpv2\debug\tpv2.tlog\link.write.1.tlog
